UG to STEP
! INFO-     NX STEP AP214 - V9.0
! INFO-      
! INFO-     Start of Translation: 2-MAY-2017  1:30:01 PM
! INFO-      
! STATUS-   Converting Part: C:\Users\vinay\Documents\SIMULINK PROJECTS\HYPERSONIC SIMULATION\scramjet.prt
! SUMMARY-   
! SUMMARY-  Summary of Unigraphics Part Entities
! SUMMARY-  For Part: C:\Users\vinay\Documents\SIMULINK PROJECTS\HYPERSONIC SIMULATION\scramjet.prt 
! SUMMARY-  Entities Processed             Count
! SUMMARY-  ------------------             -----
! SUMMARY-  Part Attribute ..............:     1
! SUMMARY-  Font ........................:     1
! SUMMARY-  Color Table .................:     2
! SUMMARY-  Coordinate System ...........:     2
! SUMMARY-  Parameter ...................:     1
! SUMMARY-  Matrix ......................:     1
! SUMMARY-  Solid .......................:
! SUMMARY-     Body .....................:     6
! SUMMARY-                                 -----
! SUMMARY-  Total                             14
! STATUS-    
! STATUS-   Converting to Output Form (Phase 2 of 3): 2-MAY-2017 1:30:01 PM
! STATUS-    
! STATUS-    
! STATUS-   Generating UG geometry and placing them in parts
! STATUS-    
! SUMMARY-   
! SUMMARY-    STEP Header Information
! SUMMARY-   
! SUMMARY-  Description      Unknown
! SUMMARY-  Imp_Level        1
! SUMMARY-  File_Name        scramjet.step
! SUMMARY-  Date             2017-05-02T13:30:01-04:00
! SUMMARY-  Author           Unknown
! SUMMARY-  Organization     Unknown
! SUMMARY-  Pre_Version      ST-DEVELOPER v15
! SUMMARY-  Orig_System      SIEMENS PLM Software NX 9.0
! SUMMARY-  Authorization    Unknown
! SUMMARY-   
! SUMMARY-    Summary of STEP Entities
! SUMMARY-   
! SUMMARY-  Entity Type                                                   Count
! SUMMARY-  -----------                                                   ------
! SUMMARY-  advanced_brep_shape_representation .........................:      1
! SUMMARY-  advanced_face ..............................................:     41
! SUMMARY-  application_context ........................................:      1
! SUMMARY-  application_protocol_definition ............................:      1
! SUMMARY-  axis2_placement_3d .........................................:     50
! SUMMARY-  b_spline_curve_with_knots ..................................:      3
! SUMMARY-  b_spline_surface_with_knots_and_rational_b_spline_surface ..:      1
! SUMMARY-  cartesian_point ............................................:    306
! SUMMARY-  circle .....................................................:      8
! SUMMARY-  closed_shell ...............................................:      6
! SUMMARY-  conversion_based_unit_and_plane_angle_unit .................:      1
! SUMMARY-  cylindrical_surface ........................................:      5
! SUMMARY-  dimensional_exponents ......................................:      1
! SUMMARY-  direction ..................................................:    172
! SUMMARY-  edge_curve .................................................:     84
! SUMMARY-  edge_loop ..................................................:     41
! SUMMARY-  ellipse ....................................................:      1
! SUMMARY-  face_outer_bound ...........................................:     41
! SUMMARY-  geometric_representation_context_and_global_uncertainty_a ..:      1
! SUMMARY-  length_unit_and_si_unit ....................................:      1
! SUMMARY-  line .......................................................:     72
! SUMMARY-  manifold_solid_brep ........................................:      6
! SUMMARY-  oriented_edge ..............................................:    168
! SUMMARY-  plane ......................................................:     35
! SUMMARY-  plane_angle_measure_with_unit ..............................:      1
! SUMMARY-  plane_angle_unit_and_si_unit ...............................:      1
! SUMMARY-  product ....................................................:      1
! SUMMARY-  product_context ............................................:      1
! SUMMARY-  product_definition .........................................:      1
! SUMMARY-  product_definition_context .................................:      1
! SUMMARY-  product_definition_formation_with_specified_source .........:      1
! SUMMARY-  product_definition_shape ...................................:      1
! SUMMARY-  product_related_product_category ...........................:      1
! SUMMARY-  shape_definition_representation ............................:      1
! SUMMARY-  shape_representation .......................................:      1
! SUMMARY-  shape_representation_relationship ..........................:      1
! SUMMARY-  si_unit_and_solid_angle_unit ...............................:      1
! SUMMARY-  uncertainty_measure_with_unit ..............................:      1
! SUMMARY-  vector .....................................................:     72
! SUMMARY-  vertex_point ...............................................:     55
! SUMMARY-                                                               -------
! SUMMARY-  Total                                                           1188
! INFO-      
! INFO-     User interface/default file
! INFO-     Bspline aprx. value in effect for this translation : 2.540000e-002 mm
! INFO-      
! INFO-     Total number of solids input for this translation  :       6
! INFO-      
! INFO-     Number of solids processed without problems        :       6
! INFO-      
! INFO-     Number of solids with problems output as sheets    :       0
! INFO-      
! INFO-     Number of solids not processed                     :       0
! INFO-      
! INFO-     End of Translation: 2-MAY-2017  1:30:01 PM
! INFO-      
